<?xml version="1.0" encoding="UTF-8" standalone="no"?><testsuite errors="1" failures="0" name="Verifique la funcionalidad de la pagina advantage shopping" skipped="0" tests="1" time="1.83" timestamp="2023-10-23 01:57:02"><testcase name="registro de usuario"><error message="Driver server process died prematurely.&#10;Build info: version: '4.1.4', revision: '535d840ee2'&#10;System info: host: 'ALEJANDRO', ip: '192.168.1.14', os.name: 'Windows 11', os.arch: 'amd64', os.version: '10.0', java.version: '1.8.0_392'&#10;Driver info: driver.version: MyChromeDriver&#10;Build info: version: '4.1.4', revision: '535d840ee2'&#10;System info: host: 'ALEJANDRO', ip: '192.168.1.14', os.name: 'Windows 11', os.arch: 'amd64', os.version: '10.0', java.version: '1.8.0_392'&#10;Driver info: driver.version: MyChromeDriver" type="org.openqa.selenium.WebDriverException">Driver server process died prematurely.
Build info: version: '4.1.4', revision: '535d840ee2'
System info: host: 'ALEJANDRO', ip: '192.168.1.14', os.name: 'Windows 11', os.arch: 'amd64', os.version: '10.0', java.version: '1.8.0_392'
Driver info: driver.version: MyChromeDriver
Build info: version: '4.1.4', revision: '535d840ee2'
System info: host: 'ALEJANDRO', ip: '192.168.1.14', os.name: 'Windows 11', os.arch: 'amd64', os.version: '10.0', java.version: '1.8.0_392'
Driver info: driver.version: MyChromeDriver</error><system-err>Driver server process died prematurely.
Build info: version: '4.1.4', revision: '535d840ee2'
System info: host: 'ALEJANDRO', ip: '192.168.1.14', os.name: 'Windows 11', os.arch: 'amd64', os.version: '10.0', java.version: '1.8.0_392'
Driver info: driver.version: MyChromeDriver
Build info: version: '4.1.4', revision: '535d840ee2'
System info: host: 'ALEJANDRO', ip: '192.168.1.14', os.name: 'Windows 11', os.arch: 'amd64', os.version: '10.0', java.version: '1.8.0_392'
Driver info: driver.version: MyChromeDriver&#13;
utils.drivers.MyChromeDriver.chromeHisBrowserWeb(MyChromeDriver.java:19)&#13;
stepdefinitions.AdvantageOnlineShoppingDefinition.elUsuarioNecesitaIngresarALaPaginaAdvantageShoppingParaRegistrarse(AdvantageOnlineShoppingDefinition.java:33)&#13;
io.cucumber.java.Invoker.doInvoke(Invoker.java:66)&#13;
io.cucumber.java.Invoker.invoke(Invoker.java:24)&#13;
io.cucumber.java.AbstractGlueDefinition.invokeMethod(AbstractGlueDefinition.java:47)&#13;
io.cucumber.java.JavaStepDefinition.execute(JavaStepDefinition.java:29)&#13;
io.cucumber.core.runner.CoreStepDefinition.execute(CoreStepDefinition.java:66)&#13;
io.cucumber.core.runner.PickleStepDefinitionMatch.runStep(PickleStepDefinitionMatch.java:63)&#13;
io.cucumber.core.runner.TestStep.executeStep(TestStep.java:86)&#13;
io.cucumber.core.runner.TestStep.run(TestStep.java:57)&#13;
io.cucumber.core.runner.PickleStepTestStep.run(PickleStepTestStep.java:51)&#13;
io.cucumber.core.runner.TestCase.run(TestCase.java:95)&#13;
io.cucumber.core.runner.Runner.runPickle(Runner.java:75)&#13;
io.cucumber.core.runtime.CucumberExecutionContext.lambda$runTestCase$3(CucumberExecutionContext.java:151)&#13;
io.cucumber.core.runtime.RethrowingThrowableCollector.executeAndThrow(RethrowingThrowableCollector.java:23)&#13;
io.cucumber.core.runtime.CucumberExecutionContext.runTestCase(CucumberExecutionContext.java:151)&#13;
io.cucumber.junit.FeatureRunner.runChild(FeatureRunner.java:144)&#13;
io.cucumber.junit.FeatureRunner.runChild(FeatureRunner.java:28)&#13;
io.cucumber.junit.FeatureRunner.run(FeatureRunner.java:137)&#13;
io.cucumber.junit.CucumberSerenityRunner.runChild(CucumberSerenityRunner.java:258)&#13;
io.cucumber.junit.CucumberSerenityRunner.runChild(CucumberSerenityRunner.java:58)&#13;
</system-err></testcase></testsuite>